<?xml version="1.0" encoding="UTF-8"?>
<testng-results ignored="0" total="1" passed="1" failed="0" skipped="0">
  <reporter-output>
  </reporter-output>
  <suite started-at="2023-09-04T13:48:49 IST" name="Default suite" finished-at="2023-09-04T13:49:16 IST" duration-ms="26992">
    <groups>
    </groups>
    <test started-at="2023-09-04T13:48:49 IST" name="Default test" finished-at="2023-09-04T13:49:16 IST" duration-ms="26992">
      <class name="Interactions.Draggable">
        <test-method is-config="true" signature="setup()[pri:0, instance:Interactions.Draggable@29876704]" started-at="2023-09-04T13:48:49 IST" name="setup" finished-at="2023-09-04T13:49:12 IST" duration-ms="23155" status="PASS">
          <reporter-output>
          </reporter-output>
        </test-method> <!-- setup -->
        <test-method signature="Container_restricted()[pri:3, instance:Interactions.Draggable@29876704]" started-at="2023-09-04T13:49:12 IST" name="Container_restricted" finished-at="2023-09-04T13:49:16 IST" duration-ms="3715" status="PASS">
          <reporter-output>
          </reporter-output>
        </test-method> <!-- Container_restricted -->
        <test-method is-config="true" signature="End_browser()[pri:0, instance:Interactions.Draggable@29876704]" started-at="2023-09-04T13:49:16 IST" name="End_browser" finished-at="2023-09-04T13:49:16 IST" duration-ms="0" status="PASS">
          <reporter-output>
          </reporter-output>
        </test-method> <!-- End_browser -->
      </class> <!-- Interactions.Draggable -->
    </test> <!-- Default test -->
  </suite> <!-- Default suite -->
</testng-results>
